Performing C SOURCE FILE Test CMAKE_HAVE_LIBC_PTHREAD failed with the following output:
Change Dir: /home/poweruser/junda.feng/CUDA-INT8-GEMM/build/CMakeFiles/CMakeScratch/TryCompile-a6tDTp

Run Build Command(s):/usr/bin/make -f Makefile cmTC_5dc3e/fast && /usr/bin/make  -f CMakeFiles/cmTC_5dc3e.dir/build.make CMakeFiles/cmTC_5dc3e.dir/build
make[1]: Entering directory '/home/poweruser/junda.feng/CUDA-INT8-GEMM/build/CMakeFiles/CMakeScratch/TryCompile-a6tDTp'
Building C object CMakeFiles/cmTC_5dc3e.dir/src.c.o
/usr/bin/cc -DCMAKE_HAVE_LIBC_PTHREAD  -fPIC  -o CMakeFiles/cmTC_5dc3e.dir/src.c.o -c /home/poweruser/junda.feng/CUDA-INT8-GEMM/build/CMakeFiles/CMakeScratch/TryCompile-a6tDTp/src.c
Linking C executable cmTC_5dc3e
/usr/local/bin/cmake -E cmake_link_script CMakeFiles/cmTC_5dc3e.dir/link.txt --verbose=1
/usr/bin/cc -fPIC  CMakeFiles/cmTC_5dc3e.dir/src.c.o -o cmTC_5dc3e 
CMakeFiles/cmTC_5dc3e.dir/src.c.o: In function `main':
src.c:(.text+0x3e): undefined reference to `pthread_create'
src.c:(.text+0x4a): undefined reference to `pthread_detach'
src.c:(.text+0x56): undefined reference to `pthread_cancel'
src.c:(.text+0x67): undefined reference to `pthread_join'
src.c:(.text+0x7b): undefined reference to `pthread_atfork'
collect2: error: ld returned 1 exit status
CMakeFiles/cmTC_5dc3e.dir/build.make:98: recipe for target 'cmTC_5dc3e' failed
make[1]: *** [cmTC_5dc3e] Error 1
make[1]: Leaving directory '/home/poweruser/junda.feng/CUDA-INT8-GEMM/build/CMakeFiles/CMakeScratch/TryCompile-a6tDTp'
Makefile:127: recipe for target 'cmTC_5dc3e/fast' failed
make: *** [cmTC_5dc3e/fast] Error 2


Source file was:
#include <pthread.h>

static void* test_func(void* data)
{
  return data;
}

int main(void)
{
  pthread_t thread;
  pthread_create(&thread, NULL, test_func, NULL);
  pthread_detach(thread);
  pthread_cancel(thread);
  pthread_join(thread, NULL);
  pthread_atfork(NULL, NULL, NULL);
  pthread_exit(NULL);

  return 0;
}


Determining if the function pthread_create exists in the pthreads failed with the following output:
Change Dir: /home/poweruser/junda.feng/CUDA-INT8-GEMM/build/CMakeFiles/CMakeScratch/TryCompile-94JX5Y

Run Build Command(s):/usr/bin/make -f Makefile cmTC_d57ad/fast && /usr/bin/make  -f CMakeFiles/cmTC_d57ad.dir/build.make CMakeFiles/cmTC_d57ad.dir/build
make[1]: Entering directory '/home/poweruser/junda.feng/CUDA-INT8-GEMM/build/CMakeFiles/CMakeScratch/TryCompile-94JX5Y'
Building C object CMakeFiles/cmTC_d57ad.dir/CheckFunctionExists.c.o
/usr/bin/cc   -fPIC -DCHECK_FUNCTION_EXISTS=pthread_create -o CMakeFiles/cmTC_d57ad.dir/CheckFunctionExists.c.o -c /home/poweruser/junda.feng/CUDA-INT8-GEMM/build/CMakeFiles/CMakeScratch/TryCompile-94JX5Y/CheckFunctionExists.c
Linking C executable cmTC_d57ad
/usr/local/bin/cmake -E cmake_link_script CMakeFiles/cmTC_d57ad.dir/link.txt --verbose=1
/usr/bin/cc -fPIC -DCHECK_FUNCTION_EXISTS=pthread_create CMakeFiles/cmTC_d57ad.dir/CheckFunctionExists.c.o -o cmTC_d57ad  -lpthreads 
/usr/bin/ld: cannot find -lpthreads
collect2: error: ld returned 1 exit status
CMakeFiles/cmTC_d57ad.dir/build.make:98: recipe for target 'cmTC_d57ad' failed
make[1]: *** [cmTC_d57ad] Error 1
make[1]: Leaving directory '/home/poweruser/junda.feng/CUDA-INT8-GEMM/build/CMakeFiles/CMakeScratch/TryCompile-94JX5Y'
Makefile:127: recipe for target 'cmTC_d57ad/fast' failed
make: *** [cmTC_d57ad/fast] Error 2



